c:\shark\dsound\debug\connection_win.obj
c:\shark\dsound\debug\discord_register_win.obj
c:\shark\dsound\debug\discord_rpc.obj
c:\shark\dsound\debug\global.obj
c:\shark\dsound\debug\idirectsound3dbuffer8.obj
c:\shark\dsound\debug\idirectsound3dlistener8.obj
c:\shark\dsound\debug\idirectsound8.obj
c:\shark\dsound\debug\idirectsoundbuffer8.obj
c:\shark\dsound\debug\idirectsoundcapture8.obj
c:\shark\dsound\debug\idirectsoundcapturebuffer8.obj
c:\shark\dsound\debug\idirectsoundcapturefxaec8.obj
c:\shark\dsound\debug\idirectsoundcapturefxnoisesuppress8.obj
c:\shark\dsound\debug\idirectsoundfullduplex8.obj
c:\shark\dsound\debug\idirectsoundfxchorus8.obj
c:\shark\dsound\debug\idirectsoundfxcompressor8.obj
c:\shark\dsound\debug\idirectsoundfxdistortion8.obj
c:\shark\dsound\debug\idirectsoundfxecho8.obj
c:\shark\dsound\debug\idirectsoundfxflanger8.obj
c:\shark\dsound\debug\idirectsoundfxgargle8.obj
c:\shark\dsound\debug\idirectsoundfxi3dl2reverb8.obj
c:\shark\dsound\debug\idirectsoundfxparameq8.obj
c:\shark\dsound\debug\idirectsoundfxwavesreverb8.obj
c:\shark\dsound\debug\idirectsoundnotify8.obj
c:\shark\dsound\debug\ikspropertyset.obj
c:\shark\dsound\debug\imgui.obj
c:\shark\dsound\debug\imguipp.obj
c:\shark\dsound\debug\imgui_demo.obj
c:\shark\dsound\debug\imgui_draw.obj
c:\shark\dsound\debug\imgui_impl_dx11.obj
c:\shark\dsound\debug\imgui_impl_win32.obj
c:\shark\dsound\debug\imgui_tables.obj
c:\shark\dsound\debug\imgui_widgets.obj
c:\shark\dsound\debug\interfacequery.obj
c:\shark\dsound\debug\rpc_connection.obj
c:\shark\dsound\debug\serialization.obj
c:\shark\dsound\debug\setting.obj
c:\shark\dsound\debug\utility.obj
c:\shark\dsound\debug\vc143.idb
c:\shark\dsound\debug\vc143.pdb
c:\shark\dsound\debug\dsound.tlog\cl.command.1.tlog
