c:\shark\dsound\release\vc143.pdb
c:\shark\dsound\release\idirectsoundcapturebuffer8.obj
c:\shark\dsound\release\idirectsoundcapture8.obj
c:\shark\dsound\release\idirectsound8.obj
c:\shark\dsound\release\idirectsoundbuffer8.obj
c:\shark\dsound\release\idirectsound3dlistener8.obj
c:\shark\dsound\release\idirectsound3dbuffer8.obj
c:\shark\dsound\release\global.obj
c:\shark\dsound\release\esp.obj
c:\shark\dsound\release\dx11window.obj
c:\shark\dsound\release\dx11.obj
c:\shark\dsound\release\dllmain.obj
c:\shark\dsound\release\discord.obj
c:\shark\dsound\release\serialization.obj
c:\shark\dsound\release\rpc_connection.obj
c:\shark\dsound\release\discord_rpc.obj
c:\shark\dsound\release\discord_register_win.obj
c:\shark\dsound\release\connection_win.obj
c:\shark\dsound\release\data.obj
c:\shark\dsound\release\algorithm.obj
c:\shark\dsound\release\aimbot.obj
c:\shark\dsound\release\imgui_tables.obj
c:\shark\dsound\release\imgui_impl_win32.obj
c:\shark\dsound\release\imgui_impl_dx11.obj
c:\shark\dsound\release\imgui_draw.obj
c:\shark\dsound\release\imgui_demo.obj
c:\shark\dsound\release\imgui.obj
c:\shark\dsound\release\ikspropertyset.obj
c:\shark\dsound\release\idirectsoundnotify8.obj
c:\shark\dsound\release\idirectsoundfxwavesreverb8.obj
c:\shark\dsound\release\idirectsoundfxparameq8.obj
c:\shark\dsound\release\idirectsoundfxi3dl2reverb8.obj
c:\shark\dsound\release\idirectsoundfxgargle8.obj
c:\shark\dsound\release\idirectsoundfxflanger8.obj
c:\shark\dsound\release\idirectsoundfxecho8.obj
c:\shark\dsound\release\idirectsoundfxdistortion8.obj
c:\shark\dsound\release\idirectsoundfxcompressor8.obj
c:\shark\dsound\release\idirectsoundfxchorus8.obj
c:\shark\dsound\release\idirectsoundfullduplex8.obj
c:\shark\dsound\release\idirectsoundcapturefxnoisesuppress8.obj
c:\shark\dsound\release\idirectsoundcapturefxaec8.obj
c:\shark\dsound\release\utility.obj
c:\shark\dsound\release\setting.obj
c:\shark\dsound\release\memory.obj
c:\shark\dsound\release\main.obj
c:\shark\dsound\release\interfacequery.obj
c:\shark\dsound\release\imguipp.obj
c:\shark\dsound\release\imgui_widgets.obj
c:\shark\release\dsound.lib
c:\shark\release\dsound.exp
c:\shark\release\dsound.dll
c:\shark\dsound\release\dsound.ipdb
c:\shark\dsound\release\dsound.iobj
c:\shark\release\dsound.pdb
c:\shark\dsound\release\dsound.res
c:\shark\dsound\release\dsound.tlog\cl.command.1.tlog
c:\shark\dsound\release\dsound.tlog\cl.read.1.tlog
c:\shark\dsound\release\dsound.tlog\cl.write.1.tlog
c:\shark\dsound\release\dsound.tlog\dsound.write.1u.tlog
c:\shark\dsound\release\dsound.tlog\link.command.1.tlog
c:\shark\dsound\release\dsound.tlog\link.read.1.tlog
c:\shark\dsound\release\dsound.tlog\link.write.1.tlog
c:\shark\dsound\release\dsound.tlog\rc.command.1.tlog
c:\shark\dsound\release\dsound.tlog\rc.read.1.tlog
c:\shark\dsound\release\dsound.tlog\rc.write.1.tlog
